Performing C++ SOURCE FILE Test TCLAP_HAVE_STRSTREAM failed with the following output:
Change Dir: C:/Users/Sondre/Dropbox/Prosjekt/Group_24/out/build/x64-Debug/CMakeFiles/CMakeTmp

Run Build Command(s):C:/Program Files/Microsoft Visual Studio/2022/Community/Common7/IDE/CommonExtensions/Microsoft/CMake/Ninja/ninja.exe cmTC_30454 && [1/2] Building CXX object CMakeFiles\cmTC_30454.dir\src.cxx.obj
FAILED: CMakeFiles/cmTC_30454.dir/src.cxx.obj 
C:\PROGRA~1\MICROS~2\2022\COMMUN~1\VC\Tools\MSVC\1433~1.316\bin\Hostx64\x64\cl.exe  /nologo /TP -DTCLAP_HAVE_STRSTREAM  /DWIN32 /D_WINDOWS /GR /EHsc  /Zi /Ob0 /Od /RTC1 -MDd /showIncludes /FoCMakeFiles\cmTC_30454.dir\src.cxx.obj /FdCMakeFiles\cmTC_30454.dir\ /FS -c C:\Users\Sondre\Dropbox\Prosjekt\Group_24\out\build\x64-Debug\CMakeFiles\CMakeTmp\src.cxx
C:\Users\Sondre\Dropbox\Prosjekt\Group_24\out\build\x64-Debug\CMakeFiles\CMakeTmp\src.cxx(2): error C2512: 'std::istrstream': no appropriate default constructor available
C:\Program Files\Microsoft Visual Studio\2022\Community\VC\Tools\MSVC\14.33.31629\include\strstream(424): note: see declaration of 'std::istrstream'
ninja: build stopped: subcommand failed.


Source file was:
#include <strstream>
int main() { std::istrstream iss; }
Determining if the include file pthread.h exists failed with the following output:
Change Dir: C:/Users/Sondre/Dropbox/Prosjekt/Group_24/out/build/x64-Debug/CMakeFiles/CMakeTmp

Run Build Command(s):C:/Program Files/Microsoft Visual Studio/2022/Community/Common7/IDE/CommonExtensions/Microsoft/CMake/Ninja/ninja.exe cmTC_9d3f5 && [1/2] Building C object CMakeFiles\cmTC_9d3f5.dir\CheckIncludeFile.c.obj
FAILED: CMakeFiles/cmTC_9d3f5.dir/CheckIncludeFile.c.obj 
C:\PROGRA~1\MICROS~2\2022\COMMUN~1\VC\Tools\MSVC\1433~1.316\bin\Hostx64\x64\cl.exe  /nologo   /DWIN32 /D_WINDOWS  /Zi /Ob0 /Od /RTC1 -MDd /showIncludes /FoCMakeFiles\cmTC_9d3f5.dir\CheckIncludeFile.c.obj /FdCMakeFiles\cmTC_9d3f5.dir\ /FS -c C:\Users\Sondre\Dropbox\Prosjekt\Group_24\out\build\x64-Debug\CMakeFiles\CMakeTmp\CheckIncludeFile.c
C:\Users\Sondre\Dropbox\Prosjekt\Group_24\out\build\x64-Debug\CMakeFiles\CMakeTmp\CheckIncludeFile.c(1): fatal error C1083: Cannot open include file: 'pthread.h': No such file or directory
ninja: build stopped: subcommand failed.



